$ ./cusbi /S:ttyUSB9 T:1,2
< 0x3f (?)
< 0x51 (Q)
< 0x0d
> 	0x43 (C)
> 	0x45 (E)
> 	0x4e (N)
> 	0x54 (T)
> 	0x4f (O)
> 	0x53 (S)
> 	0x30 (0)
> 	0x30 (0)
> 	0x30 (0)
> 	0x31 (1)
> 	0x30 (0)
> 	0x34 (4)
> 	0x76 (v)
> 	0x30 (0)
> 	0x34 (4)
> 	0x0d
> 	0x0a
< 0x47 (G)
< 0x50 (P)
< 0x0d
> 	0x46 (F)
> 	0x41 (A)
> 	0x46 (F)
> 	0x46 (F)
> 	0x46 (F)
> 	0x46 (F)
> 	0x46 (F)
> 	0x46 (F)
> 	0x0d
> 	0x0a
< 0x53 (S)
< 0x50 (P)
< 0x70 (p)
< 0x61 (a)
< 0x73 (s)
< 0x73 (s)
< 0x20
< 0x20
< 0x20
< 0x20
< 0x46 (F)
< 0x39 (9)
< 0x46 (F)
< 0x46 (F)
< 0x46 (F)
< 0x46 (F)
< 0x46 (F)
< 0x46 (F)
< 0x0d
> 	0x47 (G)
> 	0x46 (F)
> 	0x39 (9)
> 	0x46 (F)
> 	0x46 (F)
> 	0x46 (F)
> 	0x46 (F)
> 	0x46 (F)
> 	0x46 (F)
> 	0x0d
> 	0x0a
